The system is: Darwin - 13.2.0 - i386
Compiling the C compiler identification source file "CMakeCCompilerId.c" succeeded.
Compiler: /usr/bin/cc 
Build flags: 
Id flags: 

The output was:
0


Compilation of the C compiler identification source "CMakeCCompilerId.c" produced "a.out"

The C compiler identification is Clang, found in "/Users/wliu/Code/fly/CMakeFiles/2.8.12.2/CompilerIdC/a.out"

Compiling the CXX compiler identification source file "CMakeCXXCompilerId.cpp" succeeded.
Compiler: /usr/bin/c++ 
Build flags: 
Id flags: 

The output was:
0


Compilation of the CXX compiler identification source "CMakeCXXCompilerId.cpp" produced "a.out"

The CXX compiler identification is Clang, found in "/Users/wliu/Code/fly/CMakeFiles/2.8.12.2/CompilerIdCXX/a.out"

Determining if the C compiler works passed with the following output:
Change Dir: /Users/wliu/Code/fly/CMakeFiles/CMakeTmp

Run Build Command:/usr/bin/make "cmTryCompileExec3986369750/fast"
/Applications/Xcode.app/Contents/Developer/usr/bin/make -f CMakeFiles/cmTryCompileExec3986369750.dir/build.make CMakeFiles/cmTryCompileExec3986369750.dir/build
/usr/local/bin/cmake -E cmake_progress_report /Users/wliu/Code/fly/CMakeFiles/CMakeTmp/CMakeFiles 1
Building C object CMakeFiles/cmTryCompileExec3986369750.dir/testCCompiler.c.o
/usr/bin/cc    -o CMakeFiles/cmTryCompileExec3986369750.dir/testCCompiler.c.o   -c /Users/wliu/Code/fly/CMakeFiles/CMakeTmp/testCCompiler.c
Linking C executable cmTryCompileExec3986369750
/usr/local/bin/cmake -E cmake_link_script CMakeFiles/cmTryCompileExec3986369750.dir/link.txt --verbose=1
/usr/bin/cc    -Wl,-search_paths_first -Wl,-headerpad_max_install_names   CMakeFiles/cmTryCompileExec3986369750.dir/testCCompiler.c.o  -o cmTryCompileExec3986369750  


Detecting C compiler ABI info compiled with the following output:
Change Dir: /Users/wliu/Code/fly/CMakeFiles/CMakeTmp

Run Build Command:/usr/bin/make "cmTryCompileExec1760242934/fast"
/Applications/Xcode.app/Contents/Developer/usr/bin/make -f CMakeFiles/cmTryCompileExec1760242934.dir/build.make CMakeFiles/cmTryCompileExec1760242934.dir/build
/usr/local/bin/cmake -E cmake_progress_report /Users/wliu/Code/fly/CMakeFiles/CMakeTmp/CMakeFiles 1
Building C object CMakeFiles/cmTryCompileExec1760242934.dir/CMakeCCompilerABI.c.o
/usr/bin/cc    -o CMakeFiles/cmTryCompileExec1760242934.dir/CMakeCCompilerABI.c.o   -c /usr/local/share/cmake-2.8/Modules/CMakeCCompilerABI.c
Linking C executable cmTryCompileExec1760242934
/usr/local/bin/cmake -E cmake_link_script CMakeFiles/cmTryCompileExec1760242934.dir/link.txt --verbose=1
/usr/bin/cc    -Wl,-search_paths_first -Wl,-headerpad_max_install_names -v -Wl,-v CMakeFiles/cmTryCompileExec1760242934.dir/CMakeCCompilerABI.c.o  -o cmTryCompileExec1760242934   
Apple LLVM version 5.1 (clang-503.0.40) (based on LLVM 3.4svn)
Target: x86_64-apple-darwin13.2.0
Thread model: posix
 "/Applications/Xcode.app/Contents/Developer/Toolchains/XcodeDefault.xctoolchain/usr/bin/ld" -demangle -dynamic -arch x86_64 -macosx_version_min 10.9.0 -o cmTryCompileExec1760242934 -search_paths_first -headerpad_max_install_names -v CMakeFiles/cmTryCompileExec1760242934.dir/CMakeCCompilerABI.c.o -lSystem /Applications/Xcode.app/Contents/Developer/Toolchains/XcodeDefault.xctoolchain/usr/bin/../lib/clang/5.1/lib/darwin/libclang_rt.osx.a
@(#)PROGRAM:ld  PROJECT:ld64-236.4
configured to support archs: armv6 armv7 armv7s arm64 i386 x86_64 armv6m armv7m armv7em
Library search paths:
	/usr/lib
	/usr/local/lib
Framework search paths:
	/Library/Frameworks/
	/System/Library/Frameworks/


Parsed C implicit link information from above output:
  link line regex: [^( *|.*[/\])(ld|([^/\]+-)?ld|collect2)[^/\]*( |$)]
  ignore line: [Change Dir: /Users/wliu/Code/fly/CMakeFiles/CMakeTmp]
  ignore line: []
  ignore line: [Run Build Command:/usr/bin/make "cmTryCompileExec1760242934/fast"]
  ignore line: [/Applications/Xcode.app/Contents/Developer/usr/bin/make -f CMakeFiles/cmTryCompileExec1760242934.dir/build.make CMakeFiles/cmTryCompileExec1760242934.dir/build]
  ignore line: [/usr/local/bin/cmake -E cmake_progress_report /Users/wliu/Code/fly/CMakeFiles/CMakeTmp/CMakeFiles 1]
  ignore line: [Building C object CMakeFiles/cmTryCompileExec1760242934.dir/CMakeCCompilerABI.c.o]
  ignore line: [/usr/bin/cc    -o CMakeFiles/cmTryCompileExec1760242934.dir/CMakeCCompilerABI.c.o   -c /usr/local/share/cmake-2.8/Modules/CMakeCCompilerABI.c]
  ignore line: [Linking C executable cmTryCompileExec1760242934]
  ignore line: [/usr/local/bin/cmake -E cmake_link_script CMakeFiles/cmTryCompileExec1760242934.dir/link.txt --verbose=1]
  ignore line: [/usr/bin/cc    -Wl,-search_paths_first -Wl,-headerpad_max_install_names -v -Wl,-v CMakeFiles/cmTryCompileExec1760242934.dir/CMakeCCompilerABI.c.o  -o cmTryCompileExec1760242934   ]
  ignore line: [Apple LLVM version 5.1 (clang-503.0.40) (based on LLVM 3.4svn)]
  ignore line: [Target: x86_64-apple-darwin13.2.0]
  ignore line: [Thread model: posix]
  link line: [ "/Applications/Xcode.app/Contents/Developer/Toolchains/XcodeDefault.xctoolchain/usr/bin/ld" -demangle -dynamic -arch x86_64 -macosx_version_min 10.9.0 -o cmTryCompileExec1760242934 -search_paths_first -headerpad_max_install_names -v CMakeFiles/cmTryCompileExec1760242934.dir/CMakeCCompilerABI.c.o -lSystem /Applications/Xcode.app/Contents/Developer/Toolchains/XcodeDefault.xctoolchain/usr/bin/../lib/clang/5.1/lib/darwin/libclang_rt.osx.a]
    arg [/Applications/Xcode.app/Contents/Developer/Toolchains/XcodeDefault.xctoolchain/usr/bin/ld] ==> ignore
    arg [-demangle] ==> ignore
    arg [-dynamic] ==> ignore
    arg [-arch] ==> ignore
    arg [x86_64] ==> ignore
    arg [-macosx_version_min] ==> ignore
    arg [10.9.0] ==> ignore
    arg [-o] ==> ignore
    arg [cmTryCompileExec1760242934] ==> ignore
    arg [-search_paths_first] ==> ignore
    arg [-headerpad_max_install_names] ==> ignore
    arg [-v] ==> ignore
    arg [CMakeFiles/cmTryCompileExec1760242934.dir/CMakeCCompilerABI.c.o] ==> ignore
    arg [-lSystem] ==> lib [System]
    arg [/Applications/Xcode.app/Contents/Developer/Toolchains/XcodeDefault.xctoolchain/usr/bin/../lib/clang/5.1/lib/darwin/libclang_rt.osx.a] ==> lib [/Applications/Xcode.app/Contents/Developer/Toolchains/XcodeDefault.xctoolchain/usr/bin/../lib/clang/5.1/lib/darwin/libclang_rt.osx.a]
  Library search paths: [;/usr/lib;/usr/local/lib]
  Framework search paths: [;/Library/Frameworks/;/System/Library/Frameworks/]
  remove lib [System]
  collapse lib [/Applications/Xcode.app/Contents/Developer/Toolchains/XcodeDefault.xctoolchain/usr/bin/../lib/clang/5.1/lib/darwin/libclang_rt.osx.a] ==> [/Applications/Xcode.app/Contents/Developer/Toolchains/XcodeDefault.xctoolchain/usr/lib/clang/5.1/lib/darwin/libclang_rt.osx.a]
  collapse library dir [/usr/lib] ==> [/usr/lib]
  collapse library dir [/usr/local/lib] ==> [/usr/local/lib]
  collapse framework dir [/Library/Frameworks/] ==> [/Library/Frameworks]
  collapse framework dir [/System/Library/Frameworks/] ==> [/System/Library/Frameworks]
  implicit libs: [/Applications/Xcode.app/Contents/Developer/Toolchains/XcodeDefault.xctoolchain/usr/lib/clang/5.1/lib/darwin/libclang_rt.osx.a]
  implicit dirs: [/usr/lib;/usr/local/lib]
  implicit fwks: [/Library/Frameworks;/System/Library/Frameworks]


Determining if the CXX compiler works passed with the following output:
Change Dir: /Users/wliu/Code/fly/CMakeFiles/CMakeTmp

Run Build Command:/usr/bin/make "cmTryCompileExec374841376/fast"
/Applications/Xcode.app/Contents/Developer/usr/bin/make -f CMakeFiles/cmTryCompileExec374841376.dir/build.make CMakeFiles/cmTryCompileExec374841376.dir/build
/usr/local/bin/cmake -E cmake_progress_report /Users/wliu/Code/fly/CMakeFiles/CMakeTmp/CMakeFiles 1
Building CXX object CMakeFiles/cmTryCompileExec374841376.dir/testCXXCompiler.cxx.o
/usr/bin/c++     -o CMakeFiles/cmTryCompileExec374841376.dir/testCXXCompiler.cxx.o -c /Users/wliu/Code/fly/CMakeFiles/CMakeTmp/testCXXCompiler.cxx
Linking CXX executable cmTryCompileExec374841376
/usr/local/bin/cmake -E cmake_link_script CMakeFiles/cmTryCompileExec374841376.dir/link.txt --verbose=1
/usr/bin/c++     -Wl,-search_paths_first -Wl,-headerpad_max_install_names   CMakeFiles/cmTryCompileExec374841376.dir/testCXXCompiler.cxx.o  -o cmTryCompileExec374841376  


Detecting CXX compiler ABI info compiled with the following output:
Change Dir: /Users/wliu/Code/fly/CMakeFiles/CMakeTmp

Run Build Command:/usr/bin/make "cmTryCompileExec1596392385/fast"
/Applications/Xcode.app/Contents/Developer/usr/bin/make -f CMakeFiles/cmTryCompileExec1596392385.dir/build.make CMakeFiles/cmTryCompileExec1596392385.dir/build
/usr/local/bin/cmake -E cmake_progress_report /Users/wliu/Code/fly/CMakeFiles/CMakeTmp/CMakeFiles 1
Building CXX object CMakeFiles/cmTryCompileExec1596392385.dir/CMakeCXXCompilerABI.cpp.o
/usr/bin/c++     -o CMakeFiles/cmTryCompileExec1596392385.dir/CMakeCXXCompilerABI.cpp.o -c /usr/local/share/cmake-2.8/Modules/CMakeCXXCompilerABI.cpp
Linking CXX executable cmTryCompileExec1596392385
/usr/local/bin/cmake -E cmake_link_script CMakeFiles/cmTryCompileExec1596392385.dir/link.txt --verbose=1
/usr/bin/c++     -Wl,-search_paths_first -Wl,-headerpad_max_install_names -v -Wl,-v CMakeFiles/cmTryCompileExec1596392385.dir/CMakeCXXCompilerABI.cpp.o  -o cmTryCompileExec1596392385   
Apple LLVM version 5.1 (clang-503.0.40) (based on LLVM 3.4svn)
Target: x86_64-apple-darwin13.2.0
Thread model: posix
 "/Applications/Xcode.app/Contents/Developer/Toolchains/XcodeDefault.xctoolchain/usr/bin/ld" -demangle -dynamic -arch x86_64 -macosx_version_min 10.9.0 -o cmTryCompileExec1596392385 -search_paths_first -headerpad_max_install_names -v CMakeFiles/cmTryCompileExec1596392385.dir/CMakeCXXCompilerABI.cpp.o -lc++ -lSystem /Applications/Xcode.app/Contents/Developer/Toolchains/XcodeDefault.xctoolchain/usr/bin/../lib/clang/5.1/lib/darwin/libclang_rt.osx.a
@(#)PROGRAM:ld  PROJECT:ld64-236.4
configured to support archs: armv6 armv7 armv7s arm64 i386 x86_64 armv6m armv7m armv7em
Library search paths:
	/usr/lib
	/usr/local/lib
Framework search paths:
	/Library/Frameworks/
	/System/Library/Frameworks/


Parsed CXX implicit link information from above output:
  link line regex: [^( *|.*[/\])(ld|([^/\]+-)?ld|collect2)[^/\]*( |$)]
  ignore line: [Change Dir: /Users/wliu/Code/fly/CMakeFiles/CMakeTmp]
  ignore line: []
  ignore line: [Run Build Command:/usr/bin/make "cmTryCompileExec1596392385/fast"]
  ignore line: [/Applications/Xcode.app/Contents/Developer/usr/bin/make -f CMakeFiles/cmTryCompileExec1596392385.dir/build.make CMakeFiles/cmTryCompileExec1596392385.dir/build]
  ignore line: [/usr/local/bin/cmake -E cmake_progress_report /Users/wliu/Code/fly/CMakeFiles/CMakeTmp/CMakeFiles 1]
  ignore line: [Building CXX object CMakeFiles/cmTryCompileExec1596392385.dir/CMakeCXXCompilerABI.cpp.o]
  ignore line: [/usr/bin/c++     -o CMakeFiles/cmTryCompileExec1596392385.dir/CMakeCXXCompilerABI.cpp.o -c /usr/local/share/cmake-2.8/Modules/CMakeCXXCompilerABI.cpp]
  ignore line: [Linking CXX executable cmTryCompileExec1596392385]
  ignore line: [/usr/local/bin/cmake -E cmake_link_script CMakeFiles/cmTryCompileExec1596392385.dir/link.txt --verbose=1]
  ignore line: [/usr/bin/c++     -Wl,-search_paths_first -Wl,-headerpad_max_install_names -v -Wl,-v CMakeFiles/cmTryCompileExec1596392385.dir/CMakeCXXCompilerABI.cpp.o  -o cmTryCompileExec1596392385   ]
  ignore line: [Apple LLVM version 5.1 (clang-503.0.40) (based on LLVM 3.4svn)]
  ignore line: [Target: x86_64-apple-darwin13.2.0]
  ignore line: [Thread model: posix]
  link line: [ "/Applications/Xcode.app/Contents/Developer/Toolchains/XcodeDefault.xctoolchain/usr/bin/ld" -demangle -dynamic -arch x86_64 -macosx_version_min 10.9.0 -o cmTryCompileExec1596392385 -search_paths_first -headerpad_max_install_names -v CMakeFiles/cmTryCompileExec1596392385.dir/CMakeCXXCompilerABI.cpp.o -lc++ -lSystem /Applications/Xcode.app/Contents/Developer/Toolchains/XcodeDefault.xctoolchain/usr/bin/../lib/clang/5.1/lib/darwin/libclang_rt.osx.a]
    arg [/Applications/Xcode.app/Contents/Developer/Toolchains/XcodeDefault.xctoolchain/usr/bin/ld] ==> ignore
    arg [-demangle] ==> ignore
    arg [-dynamic] ==> ignore
    arg [-arch] ==> ignore
    arg [x86_64] ==> ignore
    arg [-macosx_version_min] ==> ignore
    arg [10.9.0] ==> ignore
    arg [-o] ==> ignore
    arg [cmTryCompileExec1596392385] ==> ignore
    arg [-search_paths_first] ==> ignore
    arg [-headerpad_max_install_names] ==> ignore
    arg [-v] ==> ignore
    arg [CMakeFiles/cmTryCompileExec1596392385.dir/CMakeCXXCompilerABI.cpp.o] ==> ignore
    arg [-lc++] ==> lib [c++]
    arg [-lSystem] ==> lib [System]
    arg [/Applications/Xcode.app/Contents/Developer/Toolchains/XcodeDefault.xctoolchain/usr/bin/../lib/clang/5.1/lib/darwin/libclang_rt.osx.a] ==> lib [/Applications/Xcode.app/Contents/Developer/Toolchains/XcodeDefault.xctoolchain/usr/bin/../lib/clang/5.1/lib/darwin/libclang_rt.osx.a]
  Library search paths: [;/usr/lib;/usr/local/lib]
  Framework search paths: [;/Library/Frameworks/;/System/Library/Frameworks/]
  remove lib [System]
  collapse lib [/Applications/Xcode.app/Contents/Developer/Toolchains/XcodeDefault.xctoolchain/usr/bin/../lib/clang/5.1/lib/darwin/libclang_rt.osx.a] ==> [/Applications/Xcode.app/Contents/Developer/Toolchains/XcodeDefault.xctoolchain/usr/lib/clang/5.1/lib/darwin/libclang_rt.osx.a]
  collapse library dir [/usr/lib] ==> [/usr/lib]
  collapse library dir [/usr/local/lib] ==> [/usr/local/lib]
  collapse framework dir [/Library/Frameworks/] ==> [/Library/Frameworks]
  collapse framework dir [/System/Library/Frameworks/] ==> [/System/Library/Frameworks]
  implicit libs: [c++;/Applications/Xcode.app/Contents/Developer/Toolchains/XcodeDefault.xctoolchain/usr/lib/clang/5.1/lib/darwin/libclang_rt.osx.a]
  implicit dirs: [/usr/lib;/usr/local/lib]
  implicit fwks: [/Library/Frameworks;/System/Library/Frameworks]


Determining if the function kqueue exists passed with the following output:
Change Dir: /Users/wliu/Code/fly/CMakeFiles/CMakeTmp

Run Build Command:/usr/bin/make "cmTryCompileExec4285565200/fast"
/Applications/Xcode.app/Contents/Developer/usr/bin/make -f CMakeFiles/cmTryCompileExec4285565200.dir/build.make CMakeFiles/cmTryCompileExec4285565200.dir/build
/usr/local/bin/cmake -E cmake_progress_report /Users/wliu/Code/fly/CMakeFiles/CMakeTmp/CMakeFiles 1
Building C object CMakeFiles/cmTryCompileExec4285565200.dir/CheckFunctionExists.c.o
/usr/bin/cc   -g -DCHECK_FUNCTION_EXISTS=kqueue   -o CMakeFiles/cmTryCompileExec4285565200.dir/CheckFunctionExists.c.o   -c /usr/local/share/cmake-2.8/Modules/CheckFunctionExists.c
Linking C executable cmTryCompileExec4285565200
/usr/local/bin/cmake -E cmake_link_script CMakeFiles/cmTryCompileExec4285565200.dir/link.txt --verbose=1
/usr/bin/cc  -g -DCHECK_FUNCTION_EXISTS=kqueue -Wl,-search_paths_first -Wl,-headerpad_max_install_names   CMakeFiles/cmTryCompileExec4285565200.dir/CheckFunctionExists.c.o  -o cmTryCompileExec4285565200  


Determining if files stdlib.h exist passed with the following output:
Change Dir: /Users/wliu/Code/fly/CMakeFiles/CMakeTmp

Run Build Command:/usr/bin/make "cmTryCompileExec2430969057/fast"
/Applications/Xcode.app/Contents/Developer/usr/bin/make -f CMakeFiles/cmTryCompileExec2430969057.dir/build.make CMakeFiles/cmTryCompileExec2430969057.dir/build
/usr/local/bin/cmake -E cmake_progress_report /Users/wliu/Code/fly/CMakeFiles/CMakeTmp/CMakeFiles 1
Building C object CMakeFiles/cmTryCompileExec2430969057.dir/CheckIncludeFiles.c.o
/usr/bin/cc   -g    -o CMakeFiles/cmTryCompileExec2430969057.dir/CheckIncludeFiles.c.o   -c /Users/wliu/Code/fly/CMakeFiles/CMakeTmp/CheckIncludeFiles.c
Linking C executable cmTryCompileExec2430969057
/usr/local/bin/cmake -E cmake_link_script CMakeFiles/cmTryCompileExec2430969057.dir/link.txt --verbose=1
/usr/bin/cc  -g  -Wl,-search_paths_first -Wl,-headerpad_max_install_names   CMakeFiles/cmTryCompileExec2430969057.dir/CheckIncludeFiles.c.o  -o cmTryCompileExec2430969057  


Determining if files sys/types.h exist passed with the following output:
Change Dir: /Users/wliu/Code/fly/CMakeFiles/CMakeTmp

Run Build Command:/usr/bin/make "cmTryCompileExec2956939711/fast"
/Applications/Xcode.app/Contents/Developer/usr/bin/make -f CMakeFiles/cmTryCompileExec2956939711.dir/build.make CMakeFiles/cmTryCompileExec2956939711.dir/build
/usr/local/bin/cmake -E cmake_progress_report /Users/wliu/Code/fly/CMakeFiles/CMakeTmp/CMakeFiles 1
Building C object CMakeFiles/cmTryCompileExec2956939711.dir/CheckIncludeFiles.c.o
/usr/bin/cc   -g    -o CMakeFiles/cmTryCompileExec2956939711.dir/CheckIncludeFiles.c.o   -c /Users/wliu/Code/fly/CMakeFiles/CMakeTmp/CheckIncludeFiles.c
Linking C executable cmTryCompileExec2956939711
/usr/local/bin/cmake -E cmake_link_script CMakeFiles/cmTryCompileExec2956939711.dir/link.txt --verbose=1
/usr/bin/cc  -g  -Wl,-search_paths_first -Wl,-headerpad_max_install_names   CMakeFiles/cmTryCompileExec2956939711.dir/CheckIncludeFiles.c.o  -o cmTryCompileExec2956939711  


Determining if files pthread.h exist passed with the following output:
Change Dir: /Users/wliu/Code/fly/CMakeFiles/CMakeTmp

Run Build Command:/usr/bin/make "cmTryCompileExec4155590558/fast"
/Applications/Xcode.app/Contents/Developer/usr/bin/make -f CMakeFiles/cmTryCompileExec4155590558.dir/build.make CMakeFiles/cmTryCompileExec4155590558.dir/build
/usr/local/bin/cmake -E cmake_progress_report /Users/wliu/Code/fly/CMakeFiles/CMakeTmp/CMakeFiles 1
Building C object CMakeFiles/cmTryCompileExec4155590558.dir/CheckIncludeFiles.c.o
/usr/bin/cc   -g    -o CMakeFiles/cmTryCompileExec4155590558.dir/CheckIncludeFiles.c.o   -c /Users/wliu/Code/fly/CMakeFiles/CMakeTmp/CheckIncludeFiles.c
Linking C executable cmTryCompileExec4155590558
/usr/local/bin/cmake -E cmake_link_script CMakeFiles/cmTryCompileExec4155590558.dir/link.txt --verbose=1
/usr/bin/cc  -g  -Wl,-search_paths_first -Wl,-headerpad_max_install_names   CMakeFiles/cmTryCompileExec4155590558.dir/CheckIncludeFiles.c.o  -o cmTryCompileExec4155590558  


Determining if the pthread_create exist passed with the following output:
Change Dir: /Users/wliu/Code/fly/CMakeFiles/CMakeTmp

Run Build Command:/usr/bin/make "cmTryCompileExec1489883638/fast"
/Applications/Xcode.app/Contents/Developer/usr/bin/make -f CMakeFiles/cmTryCompileExec1489883638.dir/build.make CMakeFiles/cmTryCompileExec1489883638.dir/build
/usr/local/bin/cmake -E cmake_progress_report /Users/wliu/Code/fly/CMakeFiles/CMakeTmp/CMakeFiles 1
Building C object CMakeFiles/cmTryCompileExec1489883638.dir/CheckSymbolExists.c.o
/usr/bin/cc   -g    -o CMakeFiles/cmTryCompileExec1489883638.dir/CheckSymbolExists.c.o   -c /Users/wliu/Code/fly/CMakeFiles/CMakeTmp/CheckSymbolExists.c
Linking C executable cmTryCompileExec1489883638
/usr/local/bin/cmake -E cmake_link_script CMakeFiles/cmTryCompileExec1489883638.dir/link.txt --verbose=1
/usr/bin/cc  -g  -Wl,-search_paths_first -Wl,-headerpad_max_install_names   CMakeFiles/cmTryCompileExec1489883638.dir/CheckSymbolExists.c.o  -o cmTryCompileExec1489883638  

File /Users/wliu/Code/fly/CMakeFiles/CMakeTmp/CheckSymbolExists.c:
/* */
#include <pthread.h>

int main(int argc, char** argv)
{
  (void)argv;
#ifndef pthread_create
  return ((int*)(&pthread_create))[argc];
#else
  (void)argc;
  return 0;
#endif
}

