Determining if the function kqueue exists failed with the following output:
Change Dir: /opt/fly/CMakeFiles/CMakeTmp

Run Build Command:/usr/bin/make "cmTryCompileExec1537339648/fast"
/usr/bin/make -f CMakeFiles/cmTryCompileExec1537339648.dir/build.make CMakeFiles/cmTryCompileExec1537339648.dir/build
make[1]: Entering directory `/opt/fly/CMakeFiles/CMakeTmp'
/usr/local/bin/cmake -E cmake_progress_report /opt/fly/CMakeFiles/CMakeTmp/CMakeFiles 1
Building C object CMakeFiles/cmTryCompileExec1537339648.dir/CheckFunctionExists.c.o
/usr/bin/cc   -g -DCHECK_FUNCTION_EXISTS=kqueue   -o CMakeFiles/cmTryCompileExec1537339648.dir/CheckFunctionExists.c.o   -c /usr/local/share/cmake-2.8/Modules/CheckFunctionExists.c
Linking C executable cmTryCompileExec1537339648
/usr/local/bin/cmake -E cmake_link_script CMakeFiles/cmTryCompileExec1537339648.dir/link.txt --verbose=1
/usr/bin/cc  -g -DCHECK_FUNCTION_EXISTS=kqueue    CMakeFiles/cmTryCompileExec1537339648.dir/CheckFunctionExists.c.o  -o cmTryCompileExec1537339648 -rdynamic 
CMakeFiles/cmTryCompileExec1537339648.dir/CheckFunctionExists.c.o: In function `main':
/usr/local/share/cmake-2.8/Modules/CheckFunctionExists.c:11: undefined reference to `kqueue'
collect2: ld returned 1 exit status
make[1]: *** [cmTryCompileExec1537339648] Error 1
make[1]: Leaving directory `/opt/fly/CMakeFiles/CMakeTmp'
make: *** [cmTryCompileExec1537339648/fast] Error 2


Determining if the pthread_create exist failed with the following output:
Change Dir: /opt/fly/CMakeFiles/CMakeTmp

Run Build Command:/usr/bin/make "cmTryCompileExec2462859874/fast"
/usr/bin/make -f CMakeFiles/cmTryCompileExec2462859874.dir/build.make CMakeFiles/cmTryCompileExec2462859874.dir/build
make[1]: Entering directory `/opt/fly/CMakeFiles/CMakeTmp'
/usr/local/bin/cmake -E cmake_progress_report /opt/fly/CMakeFiles/CMakeTmp/CMakeFiles 1
Building C object CMakeFiles/cmTryCompileExec2462859874.dir/CheckSymbolExists.c.o
/usr/bin/cc   -g    -o CMakeFiles/cmTryCompileExec2462859874.dir/CheckSymbolExists.c.o   -c /opt/fly/CMakeFiles/CMakeTmp/CheckSymbolExists.c
Linking C executable cmTryCompileExec2462859874
/usr/local/bin/cmake -E cmake_link_script CMakeFiles/cmTryCompileExec2462859874.dir/link.txt --verbose=1
/usr/bin/cc  -g     CMakeFiles/cmTryCompileExec2462859874.dir/CheckSymbolExists.c.o  -o cmTryCompileExec2462859874 -rdynamic 
CMakeFiles/cmTryCompileExec2462859874.dir/CheckSymbolExists.c.o: In function `main':
/opt/fly/CMakeFiles/CMakeTmp/CheckSymbolExists.c:8: undefined reference to `pthread_create'
collect2: ld returned 1 exit status
make[1]: *** [cmTryCompileExec2462859874] Error 1
make[1]: Leaving directory `/opt/fly/CMakeFiles/CMakeTmp'
make: *** [cmTryCompileExec2462859874/fast] Error 2

File /opt/fly/CMakeFiles/CMakeTmp/CheckSymbolExists.c:
/* */
#include <pthread.h>

int main(int argc, char** argv)
{
  (void)argv;
#ifndef pthread_create
  return ((int*)(&pthread_create))[argc];
#else
  (void)argc;
  return 0;
#endif
}

Determining if the function pthread_create exists in the pthreads failed with the following output:
Change Dir: /opt/fly/CMakeFiles/CMakeTmp

Run Build Command:/usr/bin/make "cmTryCompileExec1841972319/fast"
/usr/bin/make -f CMakeFiles/cmTryCompileExec1841972319.dir/build.make CMakeFiles/cmTryCompileExec1841972319.dir/build
make[1]: Entering directory `/opt/fly/CMakeFiles/CMakeTmp'
/usr/local/bin/cmake -E cmake_progress_report /opt/fly/CMakeFiles/CMakeTmp/CMakeFiles 1
Building C object CMakeFiles/cmTryCompileExec1841972319.dir/CheckFunctionExists.c.o
/usr/bin/cc   -g -DCHECK_FUNCTION_EXISTS=pthread_create   -o CMakeFiles/cmTryCompileExec1841972319.dir/CheckFunctionExists.c.o   -c /usr/local/share/cmake-2.8/Modules/CheckFunctionExists.c
Linking C executable cmTryCompileExec1841972319
/usr/local/bin/cmake -E cmake_link_script CMakeFiles/cmTryCompileExec1841972319.dir/link.txt --verbose=1
/usr/bin/cc  -g -DCHECK_FUNCTION_EXISTS=pthread_create    CMakeFiles/cmTryCompileExec1841972319.dir/CheckFunctionExists.c.o  -o cmTryCompileExec1841972319 -rdynamic -lpthreads 
/usr/bin/ld: cannot find -lpthreads
collect2: ld returned 1 exit status
make[1]: *** [cmTryCompileExec1841972319] Error 1
make[1]: Leaving directory `/opt/fly/CMakeFiles/CMakeTmp'
make: *** [cmTryCompileExec1841972319/fast] Error 2


